-------------------------------
v. 2024-05-15

Build Docker image based on quay.io/jupyter/r-notebook:2023-12-14

Add python packages

-------------------------------
v. 2023-10-13

Build Docker image based on linuxserver/webtop

-------------------------------
v. 2022-07-17

Make container singularity-friendly

-------------------------------
v. 2022-05-03.1

List of Python packages:

 - scikit-misc
 - scvi-tools
 - rich
 - pip:
    - scib_metrics
    - scib

-------------------------------
v. 2022-05-02

List of Python packages:

 - louvain
 - umap-learn
 - scanpy
 - rpy2
 - anndata2ri
 - multicore-tsne
 - scvelo
 - opentsne
 - plotly
 - scirpy
 - squidpy
 - bash_kernel
 - ipykernel
 - igraph
 - leidenalg
